<?xml version="1.0" encoding="UTF-8"?>
<!-- Generated by org.testng.reporters.JUnitXMLReporter -->
<testsuite ignored="7" hostname="Bhavu" failures="0" tests="3" name="nopcommerce-demo-sw-5" time="13.794" errors="0" timestamp="2023-12-10T22:05:29 GMT">
  <testcase classname="com.nopcommerce.demo.testsuite.RegisterPageTest" name="verifyUserShouldNavigateToRegisterPageSuccessfully" time="0.711"/>
  <testcase classname="com.nopcommerce.demo.testsuite.LoginPageTest" name="userShouldNavigateToLoginPageSuccessFully" time="0.737"/>
  <testcase classname="com.nopcommerce.demo.testsuite.ComputerPageTest" name="verifyUserShouldNavigateToComputerPageSuccessfully" time="0.897"/>
  <testcase classname="com.nopcommerce.demo.testsuite.RegisterPageTest" name="verifyThatUserShouldCreateAccountSuccessfully" time="0.0">
    <ignored/>
  </testcase> <!-- verifyThatUserShouldCreateAccountSuccessfully -->
  <testcase classname="com.nopcommerce.demo.testsuite.LoginPageTest" name="verifyThatUserShouldLogOutSuccessFully" time="0.0">
    <ignored/>
  </testcase> <!-- verifyThatUserShouldLogOutSuccessFully -->
  <testcase classname="com.nopcommerce.demo.testsuite.LoginPageTest" name="verifyTheErrorMessageWithInValidCredentials" time="0.0">
    <ignored/>
  </testcase> <!-- verifyTheErrorMessageWithInValidCredentials -->
  <testcase classname="com.nopcommerce.demo.testsuite.ComputerPageTest" name="verifyUserShouldNavigateToDesktopsPageSuccessfully" time="0.0">
    <ignored/>
  </testcase> <!-- verifyUserShouldNavigateToDesktopsPageSuccessfully -->
  <testcase classname="com.nopcommerce.demo.testsuite.RegisterPageTest" name="verifyThatFirstNameLastNameEmailPasswordAndConfirmPasswordFieldsAreMandatory" time="0.0">
    <ignored/>
  </testcase> <!-- verifyThatFirstNameLastNameEmailPasswordAndConfirmPasswordFieldsAreMandatory -->
  <testcase classname="com.nopcommerce.demo.testsuite.ComputerPageTest" name="verifyThatUserShouldBuildYouOwnComputerAndAddThemToCartSuccessfully" time="0.0">
    <ignored/>
  </testcase> <!-- verifyThatUserShouldBuildYouOwnComputerAndAddThemToCartSuccessfully -->
  <testcase classname="com.nopcommerce.demo.testsuite.LoginPageTest" name="verifyThatUserShouldLogInSuccessFullyWithValidCredentials" time="0.0">
    <ignored/>
  </testcase> <!-- verifyThatUserShouldLogInSuccessFullyWithValidCredentials -->
</testsuite> <!-- nopcommerce-demo-sw-5 -->
