<?xml version="1.0" encoding="UTF-8"?>
<!-- Generated by org.testng.reporters.JUnitXMLReporter -->
<testsuite ignored="2" hostname="Bhavu" failures="1" tests="1" name="Computer Test" time="4.018" errors="0" timestamp="2023-12-10T22:15:56 GMT">
  <testcase classname="com.nopcommerce.demo.testsuite.ComputerPageTest" name="verifyUserShouldNavigateToComputerPageSuccessfully" time="0.002">
    <failure type="java.lang.NullPointerException" message="Cannot invoke &amp;quot;com.nopcommerce.demo.pages.HomePage.clickOnComputersLink()&amp;quot; because &amp;quot;this.homePage&amp;quot; is null">
      <![CDATA[java.lang.NullPointerException: Cannot invoke "com.nopcommerce.demo.pages.HomePage.clickOnComputersLink()" because "this.homePage" is null
at com.nopcommerce.demo.testsuite.ComputerPageTest.verifyUserShouldNavigateToComputerPageSuccessfully(ComputerPageTest.java:36)
at java.base/java.util.ArrayList.forEach(ArrayList.java:1511)
at com.intellij.rt.testng.IDEARemoteTestNG.run(IDEARemoteTestNG.java:66)
at com.intellij.rt.testng.RemoteTestNGStarter.main(RemoteTestNGStarter.java:105)
... Removed 24 stack frames]]>
    </failure>
  </testcase> <!-- verifyUserShouldNavigateToComputerPageSuccessfully -->
  <testcase classname="com.nopcommerce.demo.testsuite.ComputerPageTest" name="verifyThatUserShouldBuildYouOwnComputerAndAddThemToCartSuccessfully" time="0.0">
    <ignored/>
  </testcase> <!-- verifyThatUserShouldBuildYouOwnComputerAndAddThemToCartSuccessfully -->
  <testcase classname="com.nopcommerce.demo.testsuite.ComputerPageTest" name="verifyUserShouldNavigateToDesktopsPageSuccessfully" time="0.0">
    <ignored/>
  </testcase> <!-- verifyUserShouldNavigateToDesktopsPageSuccessfully -->
</testsuite> <!-- Computer Test -->
