<?xml version="1.0" encoding="UTF-8"?>
<!-- Generated by org.testng.reporters.JUnitXMLReporter -->
<testsuite ignored="2" hostname="Bhavu" failures="1" tests="1" name="Register Test" time="6.611" errors="0" timestamp="2023-12-10T22:15:46 GMT">
  <testcase classname="com.nopcommerce.demo.testsuite.RegisterPageTest" name="verifyUserShouldNavigateToRegisterPageSuccessfully" time="0.028">
    <failure type="java.lang.NullPointerException" message="Cannot invoke &amp;quot;com.nopcommerce.demo.pages.HomePage.clickOnRegisterLink()&amp;quot; because &amp;quot;this.homePage&amp;quot; is null">
      <![CDATA[java.lang.NullPointerException: Cannot invoke "com.nopcommerce.demo.pages.HomePage.clickOnRegisterLink()" because "this.homePage" is null
at com.nopcommerce.demo.testsuite.RegisterPageTest.verifyUserShouldNavigateToRegisterPageSuccessfully(RegisterPageTest.java:28)
at java.base/java.util.ArrayList.forEach(ArrayList.java:1511)
at com.intellij.rt.testng.IDEARemoteTestNG.run(IDEARemoteTestNG.java:66)
at com.intellij.rt.testng.RemoteTestNGStarter.main(RemoteTestNGStarter.java:105)
... Removed 24 stack frames]]>
    </failure>
  </testcase> <!-- verifyUserShouldNavigateToRegisterPageSuccessfully -->
  <testcase classname="com.nopcommerce.demo.testsuite.RegisterPageTest" name="verifyThatFirstNameLastNameEmailPasswordAndConfirmPasswordFieldsAreMandatory" time="0.0">
    <ignored/>
  </testcase> <!-- verifyThatFirstNameLastNameEmailPasswordAndConfirmPasswordFieldsAreMandatory -->
  <testcase classname="com.nopcommerce.demo.testsuite.RegisterPageTest" name="verifyThatUserShouldCreateAccountSuccessfully" time="0.0">
    <ignored/>
  </testcase> <!-- verifyThatUserShouldCreateAccountSuccessfully -->
</testsuite> <!-- Register Test -->
